2024-03-24T09:37:18.370039-0300 - minha primeira atividade! - Hello World
2024-03-24T09:37:20.371436-0300 - minha segunda atividade! - Hello World
2024-03-24T09:37:22.372400-0300 - minha terceira atividade - Hello World
2024-03-24T09:37:24.373061-0300 - pipeline finalizou
2024-03-24T09:37:34.373705-0300 - minha primeira atividade! - Hello World
2024-03-24T09:37:36.374430-0300 - minha segunda atividade! - Hello World
2024-03-24T09:37:38.375231-0300 - minha terceira atividade - Hello World
2024-03-24T09:37:40.376011-0300 - pipeline finalizou
2024-03-24T09:43:02.073598-0300 - minha primeira atividade! - Hello World
2024-03-24T09:43:04.074578-0300 - minha segunda atividade! - Hello World
2024-03-24T09:43:06.075473-0300 - minha terceira atividade - Hello World
2024-03-24T09:43:08.076169-0300 - pipeline finalizou
2024-03-24T09:43:18.077184-0300 - minha primeira atividade! - Hello World
2024-03-24T09:43:20.078004-0300 - minha segunda atividade! - Hello World
2024-03-24T09:43:22.079675-0300 - minha terceira atividade - Hello World
2024-03-24T09:43:24.080940-0300 - pipeline finalizou
2024-03-24T09:43:34.082343-0300 - minha primeira atividade! - Hello World
2024-03-24T09:43:36.083084-0300 - minha segunda atividade! - Hello World
2024-03-24T09:43:38.084217-0300 - minha terceira atividade - Hello World
2024-03-24T09:43:40.085205-0300 - pipeline finalizou
2024-03-24T09:43:50.086205-0300 - minha primeira atividade! - Hello World
2024-03-24T09:43:52.086918-0300 - minha segunda atividade! - Hello World
2024-03-24T09:43:54.087641-0300 - minha terceira atividade - Hello World
2024-03-24T09:43:56.088448-0300 - pipeline finalizou
2024-03-24T09:44:06.089414-0300 - minha primeira atividade! - Hello World
2024-03-24T09:44:08.090251-0300 - minha segunda atividade! - Hello World
2024-03-24T09:44:10.091053-0300 - minha terceira atividade - Hello World
2024-03-24T09:44:12.091954-0300 - pipeline finalizou
2024-03-24T09:44:22.092849-0300 - minha primeira atividade! - Hello World
2024-03-24T09:44:24.093682-0300 - minha segunda atividade! - Hello World
2024-03-24T09:44:26.094748-0300 - minha terceira atividade - Hello World
2024-03-24T09:44:28.095762-0300 - pipeline finalizou
2024-03-24T09:44:38.096625-0300 - minha primeira atividade! - Hello World
2024-03-24T09:44:40.097478-0300 - minha segunda atividade! - Hello World
2024-03-24T09:44:42.098177-0300 - minha terceira atividade - Hello World
2024-03-24T09:44:44.098859-0300 - pipeline finalizou
2024-03-24T09:44:54.099571-0300 - minha primeira atividade! - Hello World
2024-03-24T09:44:56.100374-0300 - minha segunda atividade! - Hello World
2024-03-24T09:44:58.101296-0300 - minha terceira atividade - Hello World
2024-03-24T09:45:00.101961-0300 - pipeline finalizou
2024-03-24T09:45:10.102933-0300 - minha primeira atividade! - Hello World
2024-03-24T09:45:12.103557-0300 - minha segunda atividade! - Hello World
2024-03-24T09:45:14.104169-0300 - minha terceira atividade - Hello World
2024-03-24T09:45:16.105202-0300 - pipeline finalizou
2024-03-24T09:45:26.106472-0300 - minha primeira atividade! - Hello World
2024-03-24T09:45:28.107212-0300 - minha segunda atividade! - Hello World
2024-03-24T09:45:30.107818-0300 - minha terceira atividade - Hello World
2024-03-24T09:45:32.108390-0300 - pipeline finalizou
2024-03-24T09:45:42.109250-0300 - minha primeira atividade! - Hello World
2024-03-24T09:45:44.109853-0300 - minha segunda atividade! - Hello World
2024-03-24T09:45:46.110432-0300 - minha terceira atividade - Hello World
2024-03-24T09:45:48.111401-0300 - pipeline finalizou
2024-03-24T09:45:58.113398-0300 - minha primeira atividade! - Hello World
2024-03-24T09:46:00.114721-0300 - minha segunda atividade! - Hello World
2024-03-24T09:46:02.115801-0300 - minha terceira atividade - Hello World
2024-03-24T09:46:04.116714-0300 - pipeline finalizou
2024-03-24T09:46:14.117591-0300 - minha primeira atividade! - Hello World
2024-03-24T09:46:16.118554-0300 - minha segunda atividade! - Hello World
2024-03-24T09:46:18.119547-0300 - minha terceira atividade - Hello World
2024-03-24T09:46:20.120501-0300 - pipeline finalizou
2024-03-24T09:46:30.121157-0300 - minha primeira atividade! - Hello World
2024-03-24T09:46:32.122048-0300 - minha segunda atividade! - Hello World
2024-03-24T09:46:34.122899-0300 - minha terceira atividade - Hello World
2024-03-24T09:46:36.123805-0300 - pipeline finalizou
2024-03-24T09:46:46.124563-0300 - minha primeira atividade! - Hello World
2024-03-24T09:46:48.125309-0300 - minha segunda atividade! - Hello World
2024-03-24T09:46:50.126137-0300 - minha terceira atividade - Hello World
2024-03-24T09:46:52.127148-0300 - pipeline finalizou
2024-03-24T09:47:02.127998-0300 - minha primeira atividade! - Hello World
2024-03-24T09:47:04.128924-0300 - minha segunda atividade! - Hello World
2024-03-24T09:47:06.129901-0300 - minha terceira atividade - Hello World
2024-03-24T09:47:08.130638-0300 - pipeline finalizou
2024-03-24T09:47:18.131444-0300 - minha primeira atividade! - Hello World
2024-03-24T09:47:20.132498-0300 - minha segunda atividade! - Hello World
2024-03-24T09:47:22.133415-0300 - minha terceira atividade - Hello World
2024-03-24T09:47:24.134115-0300 - pipeline finalizou
2024-03-24T09:47:34.134850-0300 - minha primeira atividade! - Hello World
2024-03-24T09:47:36.135594-0300 - minha segunda atividade! - Hello World
2024-03-24T09:47:38.136406-0300 - minha terceira atividade - Hello World
2024-03-24T09:47:40.137045-0300 - pipeline finalizou
2024-03-24T09:47:50.137878-0300 - minha primeira atividade! - Hello World
2024-03-24T09:47:52.138821-0300 - minha segunda atividade! - Hello World
2024-03-24T09:47:54.139638-0300 - minha terceira atividade - Hello World
2024-03-24T09:47:56.140437-0300 - pipeline finalizou
2024-03-24T09:48:06.141323-0300 - minha primeira atividade! - Hello World
2024-03-24T09:48:08.141973-0300 - minha segunda atividade! - Hello World
2024-03-24T09:48:10.142808-0300 - minha terceira atividade - Hello World
2024-03-24T09:48:12.143747-0300 - pipeline finalizou
2024-03-24T09:48:22.144281-0300 - minha primeira atividade! - Hello World
2024-03-24T09:48:24.144762-0300 - minha segunda atividade! - Hello World
2024-03-24T09:48:26.146548-0300 - minha terceira atividade - Hello World
2024-03-24T09:48:28.148466-0300 - pipeline finalizou
2024-03-24T09:48:38.150683-0300 - minha primeira atividade! - Hello World
2024-03-24T09:48:40.151651-0300 - minha segunda atividade! - Hello World
2024-03-24T09:48:42.152244-0300 - minha terceira atividade - Hello World
2024-03-24T09:48:44.153089-0300 - pipeline finalizou
2024-03-24T09:48:54.153746-0300 - minha primeira atividade! - Hello World
2024-03-24T09:48:56.154692-0300 - minha segunda atividade! - Hello World
2024-03-24T09:48:58.155447-0300 - minha terceira atividade - Hello World
2024-03-24T09:49:00.156503-0300 - pipeline finalizou
2024-03-24T09:49:10.157398-0300 - minha primeira atividade! - Hello World
2024-03-24T09:49:12.157889-0300 - minha segunda atividade! - Hello World
2024-03-24T09:49:14.158811-0300 - minha terceira atividade - Hello World
2024-03-24T09:49:16.159750-0300 - pipeline finalizou
2024-03-24T09:49:26.160675-0300 - minha primeira atividade! - Hello World
2024-03-24T09:49:28.161708-0300 - minha segunda atividade! - Hello World
2024-03-24T09:49:30.162653-0300 - minha terceira atividade - Hello World
2024-03-24T09:49:32.163382-0300 - pipeline finalizou
2024-03-24T09:49:42.164332-0300 - minha primeira atividade! - Hello World
2024-03-24T09:49:44.165446-0300 - minha segunda atividade! - Hello World
2024-03-24T09:49:46.166072-0300 - minha terceira atividade - Hello World
2024-03-24T09:49:48.166957-0300 - pipeline finalizou
2024-03-24T09:49:58.167680-0300 - minha primeira atividade! - Hello World
2024-03-24T09:50:00.169181-0300 - minha segunda atividade! - Hello World
2024-03-24T09:50:02.169875-0300 - minha terceira atividade - Hello World
2024-03-24T09:50:04.170555-0300 - pipeline finalizou
2024-03-24T09:50:14.171143-0300 - minha primeira atividade! - Hello World
2024-03-24T09:50:16.172027-0300 - minha segunda atividade! - Hello World
2024-03-24T09:50:18.172980-0300 - minha terceira atividade - Hello World
2024-03-24T09:50:20.173589-0300 - pipeline finalizou
2024-03-24T09:50:30.174357-0300 - minha primeira atividade! - Hello World
2024-03-24T09:50:32.174882-0300 - minha segunda atividade! - Hello World
2024-03-24T09:50:34.175753-0300 - minha terceira atividade - Hello World
2024-03-24T09:50:36.176479-0300 - pipeline finalizou
2024-03-24T09:50:46.177109-0300 - minha primeira atividade! - Hello World
2024-03-24T09:50:48.178033-0300 - minha segunda atividade! - Hello World
2024-03-24T09:50:50.179983-0300 - minha terceira atividade - Hello World
2024-03-24T09:50:52.181712-0300 - pipeline finalizou
2024-03-24T09:51:02.182689-0300 - minha primeira atividade! - Hello World
2024-03-24T09:51:04.183582-0300 - minha segunda atividade! - Hello World
2024-03-24T09:51:06.184587-0300 - minha terceira atividade - Hello World
2024-03-24T09:51:08.185435-0300 - pipeline finalizou
2024-03-24T09:51:18.186463-0300 - minha primeira atividade! - Hello World
2024-03-24T09:51:20.187302-0300 - minha segunda atividade! - Hello World
2024-03-24T09:51:22.187887-0300 - minha terceira atividade - Hello World
2024-03-24T09:51:24.188405-0300 - pipeline finalizou
2024-03-24T09:51:34.189092-0300 - minha primeira atividade! - Hello World
2024-03-24T09:51:36.189987-0300 - minha segunda atividade! - Hello World
2024-03-24T09:51:38.191091-0300 - minha terceira atividade - Hello World
2024-03-24T09:51:40.191762-0300 - pipeline finalizou
2024-03-24T09:51:50.192661-0300 - minha primeira atividade! - Hello World
2024-03-24T09:51:52.193335-0300 - minha segunda atividade! - Hello World
2024-03-24T09:51:54.194034-0300 - minha terceira atividade - Hello World
2024-03-24T09:51:56.194862-0300 - pipeline finalizou
2024-03-24T09:52:06.195464-0300 - minha primeira atividade! - Hello World
2024-03-24T09:52:08.196242-0300 - minha segunda atividade! - Hello World
2024-03-24T09:52:10.197110-0300 - minha terceira atividade - Hello World
2024-03-24T09:52:12.198006-0300 - pipeline finalizou
2024-03-24T09:52:22.199149-0300 - minha primeira atividade! - Hello World
2024-03-24T09:52:24.199841-0300 - minha segunda atividade! - Hello World
2024-03-24T09:52:26.200795-0300 - minha terceira atividade - Hello World
2024-03-24T09:52:28.201386-0300 - pipeline finalizou
2024-03-24T09:52:38.202126-0300 - minha primeira atividade! - Hello World
2024-03-24T09:52:40.203171-0300 - minha segunda atividade! - Hello World
2024-03-24T09:52:42.203980-0300 - minha terceira atividade - Hello World
2024-03-24T09:52:44.204915-0300 - pipeline finalizou
2024-03-24T09:52:54.205834-0300 - minha primeira atividade! - Hello World
2024-03-24T09:52:56.206862-0300 - minha segunda atividade! - Hello World
2024-03-24T09:52:58.207767-0300 - minha terceira atividade - Hello World
2024-03-24T09:53:00.208750-0300 - pipeline finalizou
2024-03-24T09:53:10.209383-0300 - minha primeira atividade! - Hello World
2024-03-24T09:53:12.209874-0300 - minha segunda atividade! - Hello World
2024-03-24T09:53:14.210866-0300 - minha terceira atividade - Hello World
2024-03-24T09:53:16.211951-0300 - pipeline finalizou
2024-03-24T09:53:26.215040-0300 - minha primeira atividade! - Hello World
2024-03-24T09:53:28.216650-0300 - minha segunda atividade! - Hello World
2024-03-24T09:53:30.218201-0300 - minha terceira atividade - Hello World
2024-03-24T09:53:32.219314-0300 - pipeline finalizou
2024-03-24T09:53:42.219889-0300 - minha primeira atividade! - Hello World
2024-03-24T09:53:44.221018-0300 - minha segunda atividade! - Hello World
2024-03-24T09:53:46.221854-0300 - minha terceira atividade - Hello World
2024-03-24T09:53:48.222471-0300 - pipeline finalizou
2024-03-24T09:53:58.223576-0300 - minha primeira atividade! - Hello World
2024-03-24T09:54:00.224640-0300 - minha segunda atividade! - Hello World
2024-03-24T09:54:02.225709-0300 - minha terceira atividade - Hello World
2024-03-24T09:54:04.228477-0300 - pipeline finalizou
2024-03-24T09:54:14.229274-0300 - minha primeira atividade! - Hello World
2024-03-24T09:54:16.230568-0300 - minha segunda atividade! - Hello World
2024-03-24T09:54:18.231308-0300 - minha terceira atividade - Hello World
2024-03-24T09:54:20.232102-0300 - pipeline finalizou
2024-03-24T09:54:30.233027-0300 - minha primeira atividade! - Hello World
2024-03-24T09:54:32.233736-0300 - minha segunda atividade! - Hello World
2024-03-24T09:54:34.234670-0300 - minha terceira atividade - Hello World
2024-03-24T09:54:36.235501-0300 - pipeline finalizou
2024-03-24T09:54:46.236481-0300 - minha primeira atividade! - Hello World
2024-03-24T09:54:48.237443-0300 - minha segunda atividade! - Hello World
2024-03-24T09:54:50.238589-0300 - minha terceira atividade - Hello World
2024-03-24T09:54:52.239533-0300 - pipeline finalizou
2024-03-24T09:55:02.240591-0300 - minha primeira atividade! - Hello World
2024-03-24T09:55:04.241115-0300 - minha segunda atividade! - Hello World
2024-03-24T09:55:06.242183-0300 - minha terceira atividade - Hello World
2024-03-24T09:55:08.243106-0300 - pipeline finalizou
2024-03-24T09:55:18.243738-0300 - minha primeira atividade! - Hello World
2024-03-24T09:55:20.244876-0300 - minha segunda atividade! - Hello World
2024-03-24T09:55:22.247476-0300 - minha terceira atividade - Hello World
2024-03-24T09:55:24.249713-0300 - pipeline finalizou
2024-03-24T09:55:34.250715-0300 - minha primeira atividade! - Hello World
2024-03-24T09:55:36.251416-0300 - minha segunda atividade! - Hello World
2024-03-24T09:55:38.252190-0300 - minha terceira atividade - Hello World
2024-03-24T09:55:40.253273-0300 - pipeline finalizou
2024-03-24T09:55:50.253932-0300 - minha primeira atividade! - Hello World
2024-03-24T09:55:52.254605-0300 - minha segunda atividade! - Hello World
2024-03-24T09:55:54.255629-0300 - minha terceira atividade - Hello World
2024-03-24T09:55:56.256430-0300 - pipeline finalizou
2024-03-24T09:56:06.257405-0300 - minha primeira atividade! - Hello World
2024-03-24T09:56:08.258270-0300 - minha segunda atividade! - Hello World
2024-03-24T09:56:10.259116-0300 - minha terceira atividade - Hello World
2024-03-24T09:56:12.260316-0300 - pipeline finalizou
2024-03-24T09:56:22.261226-0300 - minha primeira atividade! - Hello World
2024-03-24T09:56:24.262230-0300 - minha segunda atividade! - Hello World
2024-03-24T09:56:26.262774-0300 - minha terceira atividade - Hello World
2024-03-24T09:56:28.263298-0300 - pipeline finalizou
2024-03-24T09:56:38.264404-0300 - minha primeira atividade! - Hello World
2024-03-24T09:56:40.265552-0300 - minha segunda atividade! - Hello World
2024-03-24T09:56:42.266489-0300 - minha terceira atividade - Hello World
2024-03-24T09:56:44.267440-0300 - pipeline finalizou
2024-03-24T09:56:54.268183-0300 - minha primeira atividade! - Hello World
2024-03-24T09:56:56.269688-0300 - minha segunda atividade! - Hello World
2024-03-24T09:56:58.270534-0300 - minha terceira atividade - Hello World
2024-03-24T09:57:00.271697-0300 - pipeline finalizou
2024-03-24T09:57:10.272427-0300 - minha primeira atividade! - Hello World
2024-03-24T09:57:12.273181-0300 - minha segunda atividade! - Hello World
2024-03-24T09:57:14.274268-0300 - minha terceira atividade - Hello World
2024-03-24T09:57:16.275126-0300 - pipeline finalizou
2024-03-24T09:57:26.275873-0300 - minha primeira atividade! - Hello World
2024-03-24T09:57:28.276621-0300 - minha segunda atividade! - Hello World
2024-03-24T09:57:30.278399-0300 - minha terceira atividade - Hello World
2024-03-24T09:57:32.281790-0300 - pipeline finalizou
2024-03-24T09:57:42.283202-0300 - minha primeira atividade! - Hello World
2024-03-24T09:57:44.284260-0300 - minha segunda atividade! - Hello World
2024-03-24T09:57:46.285008-0300 - minha terceira atividade - Hello World
2024-03-24T09:57:48.285836-0300 - pipeline finalizou
2024-03-24T09:57:58.287342-0300 - minha primeira atividade! - Hello World
2024-03-24T09:58:00.288502-0300 - minha segunda atividade! - Hello World
2024-03-24T09:58:02.289159-0300 - minha terceira atividade - Hello World
2024-03-24T09:58:04.289999-0300 - pipeline finalizou
2024-03-24T09:58:14.290919-0300 - minha primeira atividade! - Hello World
2024-03-24T09:58:16.291856-0300 - minha segunda atividade! - Hello World
2024-03-24T09:58:18.292722-0300 - minha terceira atividade - Hello World
2024-03-24T09:58:20.293585-0300 - pipeline finalizou
2024-03-24T09:58:30.294612-0300 - minha primeira atividade! - Hello World
2024-03-24T09:58:32.295552-0300 - minha segunda atividade! - Hello World
2024-03-24T09:58:34.296306-0300 - minha terceira atividade - Hello World
2024-03-24T09:58:36.297136-0300 - pipeline finalizou
2024-03-24T09:58:46.298074-0300 - minha primeira atividade! - Hello World
2024-03-24T09:58:48.298902-0300 - minha segunda atividade! - Hello World
2024-03-24T09:58:50.299863-0300 - minha terceira atividade - Hello World
2024-03-24T09:58:52.300724-0300 - pipeline finalizou
2024-03-24T09:59:02.301502-0300 - minha primeira atividade! - Hello World
2024-03-24T09:59:04.302240-0300 - minha segunda atividade! - Hello World
2024-03-24T09:59:06.303102-0300 - minha terceira atividade - Hello World
2024-03-24T09:59:08.303641-0300 - pipeline finalizou
2024-03-24T09:59:18.304554-0300 - minha primeira atividade! - Hello World
2024-03-24T09:59:20.305927-0300 - minha segunda atividade! - Hello World
2024-03-24T09:59:22.306674-0300 - minha terceira atividade - Hello World
2024-03-24T09:59:24.307645-0300 - pipeline finalizou
2024-03-24T09:59:34.308358-0300 - minha primeira atividade! - Hello World
2024-03-24T09:59:36.308874-0300 - minha segunda atividade! - Hello World
2024-03-24T09:59:38.309523-0300 - minha terceira atividade - Hello World
2024-03-24T09:59:40.310431-0300 - pipeline finalizou
2024-03-24T09:59:50.311553-0300 - minha primeira atividade! - Hello World
2024-03-24T09:59:52.315493-0300 - minha segunda atividade! - Hello World
2024-03-24T09:59:54.317661-0300 - minha terceira atividade - Hello World
2024-03-24T09:59:56.318756-0300 - pipeline finalizou
2024-03-24T10:00:06.319967-0300 - minha primeira atividade! - Hello World
2024-03-24T10:00:08.320780-0300 - minha segunda atividade! - Hello World
2024-03-24T10:00:10.321743-0300 - minha terceira atividade - Hello World
2024-03-24T10:00:12.322311-0300 - pipeline finalizou
2024-03-24T10:00:22.323277-0300 - minha primeira atividade! - Hello World
2024-03-24T10:00:24.324035-0300 - minha segunda atividade! - Hello World
2024-03-24T10:00:26.324921-0300 - minha terceira atividade - Hello World
2024-03-24T10:00:28.325460-0300 - pipeline finalizou
2024-03-24T10:00:38.326761-0300 - minha primeira atividade! - Hello World
2024-03-24T10:00:40.327624-0300 - minha segunda atividade! - Hello World
2024-03-24T10:00:42.328218-0300 - minha terceira atividade - Hello World
2024-03-24T10:00:44.329147-0300 - pipeline finalizou
2024-03-24T10:00:54.329983-0300 - minha primeira atividade! - Hello World
2024-03-24T10:00:56.330796-0300 - minha segunda atividade! - Hello World
2024-03-24T10:00:58.331686-0300 - minha terceira atividade - Hello World
2024-03-24T10:01:00.332572-0300 - pipeline finalizou
2024-03-24T10:01:10.333239-0300 - minha primeira atividade! - Hello World
2024-03-24T10:01:12.334441-0300 - minha segunda atividade! - Hello World
2024-03-24T10:01:14.335101-0300 - minha terceira atividade - Hello World
2024-03-24T10:01:16.336232-0300 - pipeline finalizou
2024-03-24T10:01:26.337082-0300 - minha primeira atividade! - Hello World
2024-03-24T10:01:28.337935-0300 - minha segunda atividade! - Hello World
2024-03-24T10:01:30.338655-0300 - minha terceira atividade - Hello World
2024-03-24T10:01:32.339584-0300 - pipeline finalizou
2024-03-24T10:01:42.340287-0300 - minha primeira atividade! - Hello World
2024-03-24T10:01:44.340732-0300 - minha segunda atividade! - Hello World
2024-03-24T10:01:46.341319-0300 - minha terceira atividade - Hello World
2024-03-24T10:01:48.342111-0300 - pipeline finalizou
2024-03-24T10:01:58.342662-0300 - minha primeira atividade! - Hello World
2024-03-24T10:02:00.343588-0300 - minha segunda atividade! - Hello World
2024-03-24T10:02:02.344480-0300 - minha terceira atividade - Hello World
2024-03-24T10:02:04.347355-0300 - pipeline finalizou
2024-03-24T10:02:14.348975-0300 - minha primeira atividade! - Hello World
2024-03-24T10:02:16.349783-0300 - minha segunda atividade! - Hello World
2024-03-24T10:02:18.350820-0300 - minha terceira atividade - Hello World
2024-03-24T10:02:20.352248-0300 - pipeline finalizou
2024-03-24T10:02:30.353486-0300 - minha primeira atividade! - Hello World
2024-03-24T10:02:32.354138-0300 - minha segunda atividade! - Hello World
2024-03-24T10:02:34.354851-0300 - minha terceira atividade - Hello World
2024-03-24T10:02:36.355455-0300 - pipeline finalizou
2024-03-24T10:02:46.356239-0300 - minha primeira atividade! - Hello World
2024-03-24T10:02:48.356988-0300 - minha segunda atividade! - Hello World
2024-03-24T10:02:50.357644-0300 - minha terceira atividade - Hello World
2024-03-24T10:02:52.358558-0300 - pipeline finalizou
2024-03-24T10:03:02.359781-0300 - minha primeira atividade! - Hello World
2024-03-24T10:03:04.360594-0300 - minha segunda atividade! - Hello World
2024-03-24T10:03:06.361241-0300 - minha terceira atividade - Hello World
2024-03-24T10:03:08.362227-0300 - pipeline finalizou
2024-03-24T10:03:18.363275-0300 - minha primeira atividade! - Hello World
2024-03-24T10:03:20.364336-0300 - minha segunda atividade! - Hello World
2024-03-24T10:03:22.365097-0300 - minha terceira atividade - Hello World
2024-03-24T10:03:24.366254-0300 - pipeline finalizou
2024-03-24T10:03:34.366834-0300 - minha primeira atividade! - Hello World
2024-03-24T10:03:36.367940-0300 - minha segunda atividade! - Hello World
2024-03-24T10:03:38.369008-0300 - minha terceira atividade - Hello World
2024-03-24T10:03:40.369971-0300 - pipeline finalizou
2024-03-24T10:03:50.370828-0300 - minha primeira atividade! - Hello World
2024-03-24T10:03:52.371630-0300 - minha segunda atividade! - Hello World
2024-03-24T10:03:54.372608-0300 - minha terceira atividade - Hello World
2024-03-24T10:03:56.373183-0300 - pipeline finalizou
2024-03-24T10:04:06.374228-0300 - minha primeira atividade! - Hello World
2024-03-24T10:04:08.375212-0300 - minha segunda atividade! - Hello World
2024-03-24T10:04:10.375906-0300 - minha terceira atividade - Hello World
2024-03-24T10:04:12.376604-0300 - pipeline finalizou
2024-03-24T10:04:22.377853-0300 - minha primeira atividade! - Hello World
2024-03-24T10:04:24.379530-0300 - minha segunda atividade! - Hello World
2024-03-24T10:04:26.381172-0300 - minha terceira atividade - Hello World
2024-03-24T10:04:28.381979-0300 - pipeline finalizou
2024-03-24T10:04:38.382780-0300 - minha primeira atividade! - Hello World
2024-03-24T10:04:40.383758-0300 - minha segunda atividade! - Hello World
2024-03-24T10:04:42.384841-0300 - minha terceira atividade - Hello World
2024-03-24T10:04:44.385795-0300 - pipeline finalizou
2024-03-24T10:04:54.386892-0300 - minha primeira atividade! - Hello World
2024-03-24T10:04:56.387835-0300 - minha segunda atividade! - Hello World
2024-03-24T10:04:58.388590-0300 - minha terceira atividade - Hello World
2024-03-24T10:05:00.389176-0300 - pipeline finalizou
2024-03-24T10:05:10.389836-0300 - minha primeira atividade! - Hello World
2024-03-24T10:05:12.390511-0300 - minha segunda atividade! - Hello World
2024-03-24T10:05:14.391576-0300 - minha terceira atividade - Hello World
2024-03-24T10:05:16.392403-0300 - pipeline finalizou
2024-03-24T10:05:26.393434-0300 - minha primeira atividade! - Hello World
2024-03-24T10:05:28.394201-0300 - minha segunda atividade! - Hello World
2024-03-24T10:05:30.394969-0300 - minha terceira atividade - Hello World
2024-03-24T10:05:32.395886-0300 - pipeline finalizou
2024-03-24T10:05:42.396760-0300 - minha primeira atividade! - Hello World
2024-03-24T10:05:44.397517-0300 - minha segunda atividade! - Hello World
2024-03-24T10:05:46.398137-0300 - minha terceira atividade - Hello World
2024-03-24T10:05:48.399051-0300 - pipeline finalizou
2024-03-24T10:05:58.400175-0300 - minha primeira atividade! - Hello World
2024-03-24T10:06:00.401114-0300 - minha segunda atividade! - Hello World
2024-03-24T10:06:02.401752-0300 - minha terceira atividade - Hello World
2024-03-24T10:06:04.402617-0300 - pipeline finalizou
2024-03-24T10:06:14.403448-0300 - minha primeira atividade! - Hello World
2024-03-24T10:06:16.404286-0300 - minha segunda atividade! - Hello World
2024-03-24T10:06:18.405119-0300 - minha terceira atividade - Hello World
2024-03-24T10:06:20.405953-0300 - pipeline finalizou
2024-03-24T10:06:30.406967-0300 - minha primeira atividade! - Hello World
2024-03-24T10:06:32.408111-0300 - minha segunda atividade! - Hello World
2024-03-24T10:06:34.409108-0300 - minha terceira atividade - Hello World
2024-03-24T10:06:36.410094-0300 - pipeline finalizou
2024-03-24T10:06:46.411415-0300 - minha primeira atividade! - Hello World
2024-03-24T10:06:48.413244-0300 - minha segunda atividade! - Hello World
2024-03-24T10:06:50.414918-0300 - minha terceira atividade - Hello World
2024-03-24T10:06:52.415860-0300 - pipeline finalizou
2024-03-24T10:07:02.417376-0300 - minha primeira atividade! - Hello World
2024-03-24T10:07:04.418173-0300 - minha segunda atividade! - Hello World
2024-03-24T10:07:06.419172-0300 - minha terceira atividade - Hello World
2024-03-24T10:07:08.420582-0300 - pipeline finalizou
2024-03-24T10:07:18.421462-0300 - minha primeira atividade! - Hello World
2024-03-24T10:07:20.423175-0300 - minha segunda atividade! - Hello World
2024-03-24T10:07:22.423943-0300 - minha terceira atividade - Hello World
2024-03-24T10:07:24.424564-0300 - pipeline finalizou
2024-03-24T10:07:34.425329-0300 - minha primeira atividade! - Hello World
2024-03-24T10:07:36.426859-0300 - minha segunda atividade! - Hello World
2024-03-24T10:07:38.427720-0300 - minha terceira atividade - Hello World
2024-03-24T10:07:40.428705-0300 - pipeline finalizou
2024-03-24T10:07:50.429414-0300 - minha primeira atividade! - Hello World
2024-03-24T10:07:52.430099-0300 - minha segunda atividade! - Hello World
2024-03-24T10:07:54.430955-0300 - minha terceira atividade - Hello World
2024-03-24T10:07:56.431497-0300 - pipeline finalizou
2024-03-24T10:08:06.432128-0300 - minha primeira atividade! - Hello World
2024-03-24T10:08:08.432882-0300 - minha segunda atividade! - Hello World
2024-03-24T10:08:10.433819-0300 - minha terceira atividade - Hello World
2024-03-24T10:08:12.434838-0300 - pipeline finalizou
2024-03-24T10:08:22.435672-0300 - minha primeira atividade! - Hello World
2024-03-24T10:08:24.436430-0300 - minha segunda atividade! - Hello World
2024-03-24T10:08:26.437113-0300 - minha terceira atividade - Hello World
2024-03-24T10:08:28.437630-0300 - pipeline finalizou
2024-03-24T10:08:38.438526-0300 - minha primeira atividade! - Hello World
2024-03-24T10:08:40.439310-0300 - minha segunda atividade! - Hello World
2024-03-24T10:08:42.440115-0300 - minha terceira atividade - Hello World
2024-03-24T10:08:44.441061-0300 - pipeline finalizou
2024-03-24T10:08:54.441525-0300 - minha primeira atividade! - Hello World
2024-03-24T10:08:56.442405-0300 - minha segunda atividade! - Hello World
2024-03-24T10:08:58.443016-0300 - minha terceira atividade - Hello World
2024-03-24T10:09:00.444109-0300 - pipeline finalizou
2024-03-24T10:09:10.445315-0300 - minha primeira atividade! - Hello World
2024-03-24T10:09:12.447319-0300 - minha segunda atividade! - Hello World
2024-03-24T10:09:14.448268-0300 - minha terceira atividade - Hello World
2024-03-24T10:09:16.449009-0300 - pipeline finalizou
2024-03-24T10:09:26.450055-0300 - minha primeira atividade! - Hello World
2024-03-24T10:09:28.450659-0300 - minha segunda atividade! - Hello World
2024-03-24T10:09:30.451586-0300 - minha terceira atividade - Hello World
2024-03-24T10:09:32.452693-0300 - pipeline finalizou
2024-03-24T10:09:42.453792-0300 - minha primeira atividade! - Hello World
2024-03-24T10:09:44.454945-0300 - minha segunda atividade! - Hello World
2024-03-24T10:09:46.455641-0300 - minha terceira atividade - Hello World
2024-03-24T10:09:48.456264-0300 - pipeline finalizou
2024-03-24T10:09:58.457256-0300 - minha primeira atividade! - Hello World
2024-03-24T10:10:00.458560-0300 - minha segunda atividade! - Hello World
2024-03-24T10:10:02.459438-0300 - minha terceira atividade - Hello World
2024-03-24T10:10:04.460104-0300 - pipeline finalizou
2024-03-24T10:10:14.460704-0300 - minha primeira atividade! - Hello World
2024-03-24T10:10:16.461559-0300 - minha segunda atividade! - Hello World
2024-03-24T10:10:18.462356-0300 - minha terceira atividade - Hello World
2024-03-24T10:10:20.463114-0300 - pipeline finalizou
2024-03-24T10:10:30.463896-0300 - minha primeira atividade! - Hello World
2024-03-24T10:10:32.464482-0300 - minha segunda atividade! - Hello World
2024-03-24T10:10:34.465389-0300 - minha terceira atividade - Hello World
2024-03-24T10:10:36.466256-0300 - pipeline finalizou
2024-03-24T10:10:46.467222-0300 - minha primeira atividade! - Hello World
2024-03-24T10:10:48.467859-0300 - minha segunda atividade! - Hello World
2024-03-24T10:10:50.468643-0300 - minha terceira atividade - Hello World
2024-03-24T10:10:52.469620-0300 - pipeline finalizou
2024-03-24T10:11:02.470334-0300 - minha primeira atividade! - Hello World
2024-03-24T10:11:04.471298-0300 - minha segunda atividade! - Hello World
2024-03-24T10:11:06.472221-0300 - minha terceira atividade - Hello World
2024-03-24T10:11:08.473112-0300 - pipeline finalizou
2024-03-24T10:11:18.474212-0300 - minha primeira atividade! - Hello World
2024-03-24T10:11:20.475009-0300 - minha segunda atividade! - Hello World
2024-03-24T10:11:22.475602-0300 - minha terceira atividade - Hello World
2024-03-24T10:11:24.476825-0300 - pipeline finalizou
2024-03-24T10:11:34.478679-0300 - minha primeira atividade! - Hello World
2024-03-24T10:11:36.480494-0300 - minha segunda atividade! - Hello World
2024-03-24T10:11:38.481618-0300 - minha terceira atividade - Hello World
2024-03-24T10:11:40.482335-0300 - pipeline finalizou
2024-03-24T10:11:50.483577-0300 - minha primeira atividade! - Hello World
2024-03-24T10:11:52.484584-0300 - minha segunda atividade! - Hello World
2024-03-24T10:11:54.485753-0300 - minha terceira atividade - Hello World
2024-03-24T10:11:56.486449-0300 - pipeline finalizou
2024-03-24T10:12:06.487046-0300 - minha primeira atividade! - Hello World
2024-03-24T10:12:08.487845-0300 - minha segunda atividade! - Hello World
2024-03-24T10:12:10.488886-0300 - minha terceira atividade - Hello World
2024-03-24T10:12:12.490461-0300 - pipeline finalizou
2024-03-24T10:12:22.491502-0300 - minha primeira atividade! - Hello World
2024-03-24T10:12:24.492447-0300 - minha segunda atividade! - Hello World
2024-03-24T10:12:26.493276-0300 - minha terceira atividade - Hello World
2024-03-24T10:12:28.494280-0300 - pipeline finalizou
2024-03-24T10:12:38.495292-0300 - minha primeira atividade! - Hello World
2024-03-24T10:12:40.496159-0300 - minha segunda atividade! - Hello World
2024-03-24T10:12:42.497048-0300 - minha terceira atividade - Hello World
2024-03-24T10:12:44.498019-0300 - pipeline finalizou
2024-03-24T10:12:54.498804-0300 - minha primeira atividade! - Hello World
2024-03-24T10:12:56.499699-0300 - minha segunda atividade! - Hello World
2024-03-24T10:12:58.500613-0300 - minha terceira atividade - Hello World
2024-03-24T10:13:00.501543-0300 - pipeline finalizou
2024-03-24T10:13:10.502201-0300 - minha primeira atividade! - Hello World
2024-03-24T10:13:12.503141-0300 - minha segunda atividade! - Hello World
2024-03-24T10:13:14.503629-0300 - minha terceira atividade - Hello World
2024-03-24T10:13:16.504101-0300 - pipeline finalizou
2024-03-24T10:13:26.505033-0300 - minha primeira atividade! - Hello World
2024-03-24T10:13:28.505753-0300 - minha segunda atividade! - Hello World
2024-03-24T10:13:30.506503-0300 - minha terceira atividade - Hello World
2024-03-24T10:13:32.507199-0300 - pipeline finalizou
2024-03-24T10:13:42.508395-0300 - minha primeira atividade! - Hello World
2024-03-24T10:13:44.510654-0300 - minha segunda atividade! - Hello World
2024-03-24T10:13:46.513055-0300 - minha terceira atividade - Hello World
2024-03-24T10:13:48.514962-0300 - pipeline finalizou
2024-03-24T10:13:58.516355-0300 - minha primeira atividade! - Hello World
2024-03-24T10:14:00.517194-0300 - minha segunda atividade! - Hello World
2024-03-24T10:14:02.518208-0300 - minha terceira atividade - Hello World
2024-03-24T10:14:04.519096-0300 - pipeline finalizou
2024-03-24T10:14:14.520113-0300 - minha primeira atividade! - Hello World
2024-03-24T10:14:16.521021-0300 - minha segunda atividade! - Hello World
2024-03-24T10:14:18.521629-0300 - minha terceira atividade - Hello World
2024-03-24T10:14:20.522203-0300 - pipeline finalizou
2024-03-24T10:14:30.523027-0300 - minha primeira atividade! - Hello World
2024-03-24T10:14:32.523727-0300 - minha segunda atividade! - Hello World
2024-03-24T10:14:34.524577-0300 - minha terceira atividade - Hello World
2024-03-24T10:14:36.525301-0300 - pipeline finalizou
2024-03-24T10:14:46.526204-0300 - minha primeira atividade! - Hello World
2024-03-24T10:14:48.527050-0300 - minha segunda atividade! - Hello World
2024-03-24T10:14:50.527848-0300 - minha terceira atividade - Hello World
2024-03-24T10:14:52.528768-0300 - pipeline finalizou
2024-03-24T10:15:02.529326-0300 - minha primeira atividade! - Hello World
2024-03-24T10:15:04.530231-0300 - minha segunda atividade! - Hello World
2024-03-24T10:15:06.531143-0300 - minha terceira atividade - Hello World
2024-03-24T10:15:08.531741-0300 - pipeline finalizou
2024-03-24T10:15:18.532970-0300 - minha primeira atividade! - Hello World
2024-03-24T10:15:20.533679-0300 - minha segunda atividade! - Hello World
2024-03-24T10:15:22.534463-0300 - minha terceira atividade - Hello World
2024-03-24T10:15:24.534950-0300 - pipeline finalizou
2024-03-24T10:15:34.535728-0300 - minha primeira atividade! - Hello World
2024-03-24T10:15:36.536715-0300 - minha segunda atividade! - Hello World
2024-03-24T10:15:38.537617-0300 - minha terceira atividade - Hello World
2024-03-24T10:15:40.538592-0300 - pipeline finalizou
2024-03-24T10:15:50.539572-0300 - minha primeira atividade! - Hello World
2024-03-24T10:15:52.540399-0300 - minha segunda atividade! - Hello World
2024-03-24T10:15:54.541257-0300 - minha terceira atividade - Hello World
2024-03-24T10:15:56.542357-0300 - pipeline finalizou
2024-03-24T10:16:06.543137-0300 - minha primeira atividade! - Hello World
2024-03-24T10:16:08.544503-0300 - minha segunda atividade! - Hello World
2024-03-24T10:16:10.546297-0300 - minha terceira atividade - Hello World
2024-03-24T10:16:12.547716-0300 - pipeline finalizou
2024-03-24T10:16:22.548689-0300 - minha primeira atividade! - Hello World
2024-03-24T10:16:24.549801-0300 - minha segunda atividade! - Hello World
2024-03-24T10:16:26.550448-0300 - minha terceira atividade - Hello World
2024-03-24T10:16:28.551264-0300 - pipeline finalizou
2024-03-24T10:16:38.551843-0300 - minha primeira atividade! - Hello World
2024-03-24T10:16:40.552688-0300 - minha segunda atividade! - Hello World
2024-03-24T10:16:42.553240-0300 - minha terceira atividade - Hello World
2024-03-24T10:16:44.554404-0300 - pipeline finalizou
2024-03-24T10:16:54.555193-0300 - minha primeira atividade! - Hello World
2024-03-24T10:16:56.556080-0300 - minha segunda atividade! - Hello World
2024-03-24T10:16:58.556870-0300 - minha terceira atividade - Hello World
2024-03-24T10:17:00.557454-0300 - pipeline finalizou
2024-03-24T10:17:10.558474-0300 - minha primeira atividade! - Hello World
2024-03-24T10:17:12.559127-0300 - minha segunda atividade! - Hello World
2024-03-24T10:17:14.559724-0300 - minha terceira atividade - Hello World
2024-03-24T10:17:16.560521-0300 - pipeline finalizou
2024-03-24T10:17:26.561365-0300 - minha primeira atividade! - Hello World
2024-03-24T10:17:28.562298-0300 - minha segunda atividade! - Hello World
2024-03-24T10:17:30.562860-0300 - minha terceira atividade - Hello World
2024-03-24T10:17:32.563889-0300 - pipeline finalizou
2024-03-24T10:17:42.565030-0300 - minha primeira atividade! - Hello World
2024-03-24T10:17:44.565908-0300 - minha segunda atividade! - Hello World
2024-03-24T10:17:46.566505-0300 - minha terceira atividade - Hello World
2024-03-24T10:17:48.567374-0300 - pipeline finalizou
2024-03-24T10:17:58.567968-0300 - minha primeira atividade! - Hello World
2024-03-24T10:18:00.568798-0300 - minha segunda atividade! - Hello World
2024-03-24T10:18:02.569509-0300 - minha terceira atividade - Hello World
2024-03-24T10:18:04.570082-0300 - pipeline finalizou
2024-03-24T10:18:14.570649-0300 - minha primeira atividade! - Hello World
2024-03-24T10:18:16.571586-0300 - minha segunda atividade! - Hello World
2024-03-24T10:18:18.572564-0300 - minha terceira atividade - Hello World
2024-03-24T10:18:20.573096-0300 - pipeline finalizou
2024-03-24T10:18:30.574004-0300 - minha primeira atividade! - Hello World
2024-03-24T10:18:32.574788-0300 - minha segunda atividade! - Hello World
2024-03-24T10:18:34.575904-0300 - minha terceira atividade - Hello World
2024-03-24T10:18:36.576917-0300 - pipeline finalizou
2024-03-24T10:18:46.579137-0300 - minha primeira atividade! - Hello World
2024-03-24T10:18:48.582948-0300 - minha segunda atividade! - Hello World
2024-03-24T10:18:50.584214-0300 - minha terceira atividade - Hello World
2024-03-24T10:18:52.584991-0300 - pipeline finalizou
2024-03-24T10:19:02.585701-0300 - minha primeira atividade! - Hello World
2024-03-24T10:19:04.586746-0300 - minha segunda atividade! - Hello World
2024-03-24T10:19:06.587522-0300 - minha terceira atividade - Hello World
2024-03-24T10:19:08.588233-0300 - pipeline finalizou
2024-03-24T10:19:18.589220-0300 - minha primeira atividade! - Hello World
2024-03-24T10:19:20.589703-0300 - minha segunda atividade! - Hello World
2024-03-24T10:19:22.590453-0300 - minha terceira atividade - Hello World
2024-03-24T10:19:24.591443-0300 - pipeline finalizou
2024-03-24T10:19:34.592431-0300 - minha primeira atividade! - Hello World
2024-03-24T10:19:36.593359-0300 - minha segunda atividade! - Hello World
2024-03-24T10:19:38.594265-0300 - minha terceira atividade - Hello World
2024-03-24T10:19:40.594915-0300 - pipeline finalizou
2024-03-24T10:19:50.595951-0300 - minha primeira atividade! - Hello World
2024-03-24T10:19:52.596827-0300 - minha segunda atividade! - Hello World
2024-03-24T10:19:54.597280-0300 - minha terceira atividade - Hello World
2024-03-24T10:19:56.598038-0300 - pipeline finalizou
2024-03-24T10:20:06.598680-0300 - minha primeira atividade! - Hello World
2024-03-24T10:20:08.599361-0300 - minha segunda atividade! - Hello World
2024-03-24T10:20:10.600347-0300 - minha terceira atividade - Hello World
2024-03-24T10:20:12.601248-0300 - pipeline finalizou
2024-03-24T10:20:22.602172-0300 - minha primeira atividade! - Hello World
2024-03-24T10:20:24.603036-0300 - minha segunda atividade! - Hello World
2024-03-24T10:20:26.604192-0300 - minha terceira atividade - Hello World
2024-03-24T10:20:28.605230-0300 - pipeline finalizou
2024-03-24T10:20:38.605875-0300 - minha primeira atividade! - Hello World
2024-03-24T10:20:40.606879-0300 - minha segunda atividade! - Hello World
2024-03-24T10:20:42.607702-0300 - minha terceira atividade - Hello World
2024-03-24T10:20:44.608784-0300 - pipeline finalizou
2024-03-24T10:20:54.610199-0300 - minha primeira atividade! - Hello World
2024-03-24T10:20:56.612011-0300 - minha segunda atividade! - Hello World
2024-03-24T10:20:58.614025-0300 - minha terceira atividade - Hello World
2024-03-24T10:21:00.615362-0300 - pipeline finalizou
2024-03-24T10:21:10.616279-0300 - minha primeira atividade! - Hello World
2024-03-24T10:21:12.617408-0300 - minha segunda atividade! - Hello World
2024-03-24T10:21:14.618545-0300 - minha terceira atividade - Hello World
2024-03-24T10:21:16.619547-0300 - pipeline finalizou
2024-03-24T10:21:26.620393-0300 - minha primeira atividade! - Hello World
2024-03-24T10:21:28.622753-0300 - minha segunda atividade! - Hello World
2024-03-24T10:21:30.628173-0300 - minha terceira atividade - Hello World
2024-03-24T10:21:32.628770-0300 - pipeline finalizou
2024-03-24T10:21:42.629829-0300 - minha primeira atividade! - Hello World
2024-03-24T10:21:44.630673-0300 - minha segunda atividade! - Hello World
2024-03-24T10:21:46.631931-0300 - minha terceira atividade - Hello World
2024-03-24T10:21:48.632792-0300 - pipeline finalizou
2024-03-24T10:21:58.633474-0300 - minha primeira atividade! - Hello World
2024-03-24T10:22:00.634289-0300 - minha segunda atividade! - Hello World
2024-03-24T10:22:02.635244-0300 - minha terceira atividade - Hello World
2024-03-24T10:22:04.636262-0300 - pipeline finalizou
2024-03-24T10:22:14.637071-0300 - minha primeira atividade! - Hello World
2024-03-24T10:22:16.637653-0300 - minha segunda atividade! - Hello World
2024-03-24T10:22:18.638227-0300 - minha terceira atividade - Hello World
2024-03-24T10:22:20.639023-0300 - pipeline finalizou
2024-03-24T10:22:30.639525-0300 - minha primeira atividade! - Hello World
2024-03-24T10:22:32.640458-0300 - minha segunda atividade! - Hello World
2024-03-24T10:22:34.641358-0300 - minha terceira atividade - Hello World
2024-03-24T10:22:36.641779-0300 - pipeline finalizou
2024-03-24T10:22:46.642305-0300 - minha primeira atividade! - Hello World
2024-03-24T10:22:48.643482-0300 - minha segunda atividade! - Hello World
2024-03-24T10:22:50.645284-0300 - minha terceira atividade - Hello World
2024-03-24T10:22:52.646687-0300 - pipeline finalizou
2024-03-24T10:23:02.648954-0300 - minha primeira atividade! - Hello World
2024-03-24T10:23:04.649857-0300 - minha segunda atividade! - Hello World
2024-03-24T10:23:06.650875-0300 - minha terceira atividade - Hello World
2024-03-24T10:23:08.651457-0300 - pipeline finalizou
2024-03-24T10:23:18.652200-0300 - minha primeira atividade! - Hello World
2024-03-24T10:23:20.652806-0300 - minha segunda atividade! - Hello World
2024-03-24T10:23:22.653722-0300 - minha terceira atividade - Hello World
2024-03-24T10:23:24.654643-0300 - pipeline finalizou
2024-03-24T10:23:34.655546-0300 - minha primeira atividade! - Hello World
2024-03-24T10:23:36.656394-0300 - minha segunda atividade! - Hello World
2024-03-24T10:23:38.657586-0300 - minha terceira atividade - Hello World
2024-03-24T10:23:40.658588-0300 - pipeline finalizou
2024-03-24T10:23:50.659213-0300 - minha primeira atividade! - Hello World
2024-03-24T10:23:52.660046-0300 - minha segunda atividade! - Hello World
2024-03-24T10:23:54.661142-0300 - minha terceira atividade - Hello World
2024-03-24T10:23:56.661988-0300 - pipeline finalizou
2024-03-24T10:24:06.662921-0300 - minha primeira atividade! - Hello World
2024-03-24T10:24:08.663661-0300 - minha segunda atividade! - Hello World
2024-03-24T10:24:10.664373-0300 - minha terceira atividade - Hello World
2024-03-24T10:24:12.665055-0300 - pipeline finalizou
2024-03-24T10:24:22.665634-0300 - minha primeira atividade! - Hello World
2024-03-24T10:24:24.666464-0300 - minha segunda atividade! - Hello World
2024-03-24T10:24:26.667338-0300 - minha terceira atividade - Hello World
2024-03-24T10:24:28.668220-0300 - pipeline finalizou
2024-03-24T10:24:38.669046-0300 - minha primeira atividade! - Hello World
2024-03-24T10:24:40.669864-0300 - minha segunda atividade! - Hello World
2024-03-24T10:24:42.670691-0300 - minha terceira atividade - Hello World
2024-03-24T10:24:44.671480-0300 - pipeline finalizou
2024-03-24T10:24:54.672408-0300 - minha primeira atividade! - Hello World
2024-03-24T10:24:56.674013-0300 - minha segunda atividade! - Hello World
2024-03-24T10:24:58.674998-0300 - minha terceira atividade - Hello World
2024-03-24T10:25:00.675946-0300 - pipeline finalizou
2024-03-24T10:25:10.677282-0300 - minha primeira atividade! - Hello World
2024-03-24T10:25:12.678367-0300 - minha segunda atividade! - Hello World
2024-03-24T10:25:14.680659-0300 - minha terceira atividade - Hello World
2024-03-24T10:25:16.681269-0300 - pipeline finalizou
2024-03-24T10:25:26.681938-0300 - minha primeira atividade! - Hello World
2024-03-24T10:25:28.682762-0300 - minha segunda atividade! - Hello World
2024-03-24T10:25:30.683739-0300 - minha terceira atividade - Hello World
2024-03-24T10:25:32.684505-0300 - pipeline finalizou
2024-03-24T10:25:42.685626-0300 - minha primeira atividade! - Hello World
2024-03-24T10:25:44.686742-0300 - minha segunda atividade! - Hello World
2024-03-24T10:25:46.687384-0300 - minha terceira atividade - Hello World
2024-03-24T10:25:48.687879-0300 - pipeline finalizou
2024-03-24T10:25:58.688901-0300 - minha primeira atividade! - Hello World
2024-03-24T10:26:00.689965-0300 - minha segunda atividade! - Hello World
2024-03-24T10:26:02.690696-0300 - minha terceira atividade - Hello World
2024-03-24T10:26:04.691826-0300 - pipeline finalizou
2024-03-24T10:26:14.692637-0300 - minha primeira atividade! - Hello World
2024-03-24T10:26:16.693313-0300 - minha segunda atividade! - Hello World
2024-03-24T10:26:18.694250-0300 - minha terceira atividade - Hello World
2024-03-24T10:26:20.694966-0300 - pipeline finalizou
2024-03-24T10:26:30.695598-0300 - minha primeira atividade! - Hello World
2024-03-24T10:26:32.696636-0300 - minha segunda atividade! - Hello World
2024-03-24T10:26:34.697611-0300 - minha terceira atividade - Hello World
2024-03-24T10:26:36.698312-0300 - pipeline finalizou
2024-03-24T10:26:46.699224-0300 - minha primeira atividade! - Hello World
2024-03-24T10:26:48.699763-0300 - minha segunda atividade! - Hello World
2024-03-24T10:26:50.701062-0300 - minha terceira atividade - Hello World
2024-03-24T10:26:52.701971-0300 - pipeline finalizou
2024-03-24T10:27:02.703458-0300 - minha primeira atividade! - Hello World
2024-03-24T10:27:04.704764-0300 - minha segunda atividade! - Hello World
2024-03-24T10:27:06.705349-0300 - minha terceira atividade - Hello World
2024-03-24T10:27:08.706195-0300 - pipeline finalizou
2024-03-24T10:27:18.706852-0300 - minha primeira atividade! - Hello World
2024-03-24T10:27:20.707799-0300 - minha segunda atividade! - Hello World
2024-03-24T10:27:22.708613-0300 - minha terceira atividade - Hello World
2024-03-24T10:27:24.709776-0300 - pipeline finalizou
2024-03-24T10:27:34.711510-0300 - minha primeira atividade! - Hello World
2024-03-24T10:27:36.712486-0300 - minha segunda atividade! - Hello World
2024-03-24T10:27:38.713330-0300 - minha terceira atividade - Hello World
2024-03-24T10:27:40.714091-0300 - pipeline finalizou
2024-03-24T10:27:50.715089-0300 - minha primeira atividade! - Hello World
2024-03-24T10:27:52.716141-0300 - minha segunda atividade! - Hello World
2024-03-24T10:27:54.717345-0300 - minha terceira atividade - Hello World
2024-03-24T10:27:56.718472-0300 - pipeline finalizou
2024-03-24T10:28:06.719154-0300 - minha primeira atividade! - Hello World
2024-03-24T10:28:08.719760-0300 - minha segunda atividade! - Hello World
2024-03-24T10:28:10.720368-0300 - minha terceira atividade - Hello World
2024-03-24T10:28:12.721155-0300 - pipeline finalizou
2024-03-24T10:28:22.722257-0300 - minha primeira atividade! - Hello World
2024-03-24T10:28:24.723703-0300 - minha segunda atividade! - Hello World
2024-03-24T10:28:26.724199-0300 - minha terceira atividade - Hello World
2024-03-24T10:28:28.725121-0300 - pipeline finalizou
2024-03-24T10:28:38.725631-0300 - minha primeira atividade! - Hello World
2024-03-24T10:28:40.726330-0300 - minha segunda atividade! - Hello World
2024-03-24T10:28:42.726839-0300 - minha terceira atividade - Hello World
2024-03-24T10:28:44.727691-0300 - pipeline finalizou
